<?xml version="1.0" encoding="UTF-8"?>
<testsuite xmlns:xsi="http://www.w3.org/2001/XMLSchema-instance" xsi:noNamespaceSchemaLocation="https://maven.apache.org/surefire/maven-surefire-plugin/xsd/surefire-test-report.xsd" version="3.0.2" name="com.user.users_parking.UsersParkingApplicationTests" time="11.11" tests="1" errors="0" skipped="0" failures="0">
  <properties>
[...]
</properties>
  <testcase name="contextLoads" classname="com.user.users_parking.UsersParkingApplicationTests" time="0.503">
    <system-out><![CDATA[{"timestamp":"2026-01-30T12:39:07.6118711-03:00","@version":"1","message":"Could not detect default configuration classes for test class [com.user.users_parking.UsersParkingApplicationTests]: UsersParkingApplicationTests does not declare any static, non-private, non-final, nested classes annotated with @Configuration.","level":"INFO","tags":["COMMONS-LOGGING"],"service":"meu-servico"}
{"timestamp":"2026-01-30T12:39:07.7627494-03:00","@version":"1","message":"Found @SpringBootConfiguration com.user.users_parking.UsersParkingApplication for test class com.user.users_parking.UsersParkingApplicationTests","level":"INFO","tags":["COMMONS-LOGGING"],"service":"meu-servico"}

  .   ____          _            __ _ _
 /\\ / ___'_ __ _ _(_)_ __  __ _ \ \ \ \
( ( )\___ | '_ | '_| | '_ \/ _` | \ \ \ \
 \\/  ___)| |_)| | | | | || (_| |  ) ) ) )
  '  |____| .__|_| |_|_| |_\__, | / / / /
 =========|_|==============|___/=/_/_/_/

 :: Spring Boot ::                (v4.0.1)

{"timestamp":"2026-01-30T12:39:08.3075413-03:00","@version":"1","message":"HV000001: Hibernate Validator 9.0.1.Final","level":"INFO","service":"meu-servico"}
{"timestamp":"2026-01-30T12:39:08.3564641-03:00","@version":"1","message":"Starting UsersParkingApplicationTests using Java 23 with PID 26464 (started by Joao Gabriel in C:\\Users\\Joao Gabriel\\dev\\estacionamento\\users-parking)","level":"INFO","tags":["COMMONS-LOGGING"],"service":"meu-servico"}
{"timestamp":"2026-01-30T12:39:08.3564641-03:00","@version":"1","message":"No active profile set, falling back to 1 default profile: \"default\"","level":"INFO","tags":["COMMONS-LOGGING"],"service":"meu-servico"}
{"timestamp":"2026-01-30T12:39:10.135351-03:00","@version":"1","message":"Bootstrapping Spring Data JPA repositories in DEFAULT mode.","level":"INFO","tags":["COMMONS-LOGGING"],"service":"meu-servico"}
{"timestamp":"2026-01-30T12:39:10.2760927-03:00","@version":"1","message":"Finished Spring Data repository scanning in 100 ms. Found 2 JPA repository interfaces.","level":"INFO","tags":["COMMONS-LOGGING"],"service":"meu-servico"}
{"timestamp":"2026-01-30T12:39:11.470098-03:00","@version":"1","message":"HikariPool-1 - Starting...","level":"INFO","service":"meu-servico"}
{"timestamp":"2026-01-30T12:39:11.763283-03:00","@version":"1","message":"HikariPool-1 - Added connection com.mysql.cj.jdbc.ConnectionImpl@4af606e9","level":"INFO","service":"meu-servico"}
{"timestamp":"2026-01-30T12:39:11.763283-03:00","@version":"1","message":"HikariPool-1 - Start completed.","level":"INFO","service":"meu-servico"}
{"timestamp":"2026-01-30T12:39:11.8118488-03:00","@version":"1","message":"Database: jdbc:mysql://localhost:3306/user_estacionamento?useSSL=false&allowPublicKeyRetrieval=true&serverTimezone=America/Sao_Paulo (MySQL 8.0)","level":"INFO","service":"meu-servico"}
{"timestamp":"2026-01-30T12:39:11.9067083-03:00","@version":"1","message":"Successfully validated 3 migrations (execution time 00:00.054s)","level":"INFO","service":"meu-servico"}
{"timestamp":"2026-01-30T12:39:11.9225986-03:00","@version":"1","message":"Current version of schema `user_estacionamento`: 3","level":"INFO","service":"meu-servico"}
{"timestamp":"2026-01-30T12:39:11.9225986-03:00","@version":"1","message":"Schema `user_estacionamento` is up to date. No migration necessary.","level":"INFO","service":"meu-servico"}
{"timestamp":"2026-01-30T12:39:12.1073713-03:00","@version":"1","message":"HHH008540: Processing PersistenceUnitInfo [name: default]","level":"INFO","service":"meu-servico"}
{"timestamp":"2026-01-30T12:39:12.3044067-03:00","@version":"1","message":"HHH000001: Hibernate ORM core version 7.2.0.Final","level":"INFO","service":"meu-servico"}
{"timestamp":"2026-01-30T12:39:13.0121642-03:00","@version":"1","message":"No LoadTimeWeaver setup: ignoring JPA class transformer","level":"INFO","tags":["COMMONS-LOGGING"],"service":"meu-servico"}
{"timestamp":"2026-01-30T12:39:13.1066834-03:00","@version":"1","message":"HHH90000025: MySQLDialect does not need to be specified explicitly using 'hibernate.dialect' (remove the property setting and it will be selected by default)","level":"WARN","service":"meu-servico"}
{"timestamp":"2026-01-30T12:39:13.1225456-03:00","@version":"1","message":"HHH10001005: Database info:\n\tDatabase JDBC URL [jdbc:mysql://localhost:3306/user_estacionamento?useSSL=false&allowPublicKeyRetrieval=true&serverTimezone=America/Sao_Paulo]\n\tDatabase driver: MySQL Connector/J\n\tDatabase dialect: MySQLDialect\n\tDatabase version: 8.0.41\n\tDefault catalog/schema: user_estacionamento/undefined\n\tAutocommit mode: undefined/unknown\n\tIsolation level: REPEATABLE_READ [default REPEATABLE_READ]\n\tJDBC fetch size: none\n\tPool: DataSourceConnectionProvider\n\tMinimum pool size: undefined/unknown\n\tMaximum pool size: undefined/unknown","level":"INFO","service":"meu-servico"}
{"timestamp":"2026-01-30T12:39:14.222625-03:00","@version":"1","message":"HHH000489: No JTA platform available (set 'hibernate.transaction.jta.platform' to enable JTA platform integration)","level":"INFO","service":"meu-servico"}
{"timestamp":"2026-01-30T12:39:14.3173118-03:00","@version":"1","message":"Initialized JPA EntityManagerFactory for persistence unit 'default'","level":"INFO","tags":["COMMONS-LOGGING"],"service":"meu-servico"}
{"timestamp":"2026-01-30T12:39:14.4685651-03:00","@version":"1","message":"Hibernate is in classpath; If applicable, HQL parser will be used.","level":"INFO","tags":["COMMONS-LOGGING"],"service":"meu-servico"}
{"timestamp":"2026-01-30T12:39:14.7945607-03:00","@version":"1","message":"Global AuthenticationManager configured with UserDetailsService bean with name authConfig","level":"INFO","tags":["COMMONS-LOGGING"],"service":"meu-servico"}
{"timestamp":"2026-01-30T12:39:15.5388761-03:00","@version":"1","message":"spring.jpa.open-in-view is enabled by default. Therefore, database queries may be performed during view rendering. Explicitly configure spring.jpa.open-in-view to disable this warning","level":"WARN","tags":["COMMONS-LOGGING"],"service":"meu-servico"}
{"timestamp":"2026-01-30T12:39:16.2051308-03:00","@version":"1","message":"Exposing 2 endpoints beneath base path '/actuator'","level":"INFO","tags":["COMMONS-LOGGING"],"service":"meu-servico"}
{"timestamp":"2026-01-30T12:39:16.393817-03:00","@version":"1","message":"Will secure any request with filters: DisableEncodeUrlFilter, WebAsyncManagerIntegrationFilter, SecurityContextHolderFilter, HeaderWriterFilter, CorsFilter, CorsFilter, LogoutFilter, SecurityFilter, RequestCacheAwareFilter, SecurityContextHolderAwareRequestFilter, AnonymousAuthenticationFilter, SessionManagementFilter, ExceptionTranslationFilter, AuthorizationFilter","level":"DEBUG","tags":["COMMONS-LOGGING"],"service":"meu-servico"}
{"timestamp":"2026-01-30T12:39:17.1756245-03:00","@version":"1","message":"Attempting to connect to: [localhost:5672]","level":"INFO","tags":["COMMONS-LOGGING"],"service":"meu-servico"}
{"timestamp":"2026-01-30T12:39:17.1958698-03:00","@version":"1","message":"Broker not available; cannot force queue declarations during start: java.net.ConnectException: Connection refused: getsockopt","level":"INFO","tags":["COMMONS-LOGGING"],"service":"meu-servico"}
{"timestamp":"2026-01-30T12:39:17.2075277-03:00","@version":"1","message":"Attempting to connect to: [localhost:5672]","level":"INFO","tags":["COMMONS-LOGGING"],"service":"meu-servico"}
{"timestamp":"2026-01-30T12:39:17.2241573-03:00","@version":"1","message":"Failed to check/redeclare auto-delete queue(s).","level":"ERROR","stack_trace":"org.springframework.amqp.AmqpConnectException: java.net.ConnectException: Connection refused: getsockopt\r\n\tat org.springframework.amqp.rabbit.support.RabbitExceptionTranslator.convertRabbitAccessException(RabbitExceptionTranslator.java:60)\r\n\tat org.springframework.amqp.rabbit.connection.AbstractConnectionFactory.createBareConnection(AbstractConnectionFactory.java:629)\r\n\tat org.springframework.amqp.rabbit.connection.CachingConnectionFactory.createConnection(CachingConnectionFactory.java:745)\r\n\tat org.springframework.amqp.rabbit.connection.ConnectionFactoryUtils.createConnection(ConnectionFactoryUtils.java:256)\r\n\tat org.springframework.amqp.rabbit.core.RabbitTemplate.doExecute(RabbitTemplate.java:2241)\r\n\tat org.springframework.amqp.rabbit.core.RabbitTemplate.execute(RabbitTemplate.java:2213)\r\n\tat org.springframework.amqp.rabbit.core.RabbitTemplate.execute(RabbitTemplate.java:2193)\r\n\tat org.springframework.amqp.rabbit.core.RabbitAdmin.getQueueInfo(RabbitAdmin.java:472)\r\n\tat org.springframework.amqp.rabbit.core.RabbitAdmin.getQueueProperties(RabbitAdmin.java:456)\r\n\tat org.springframework.amqp.rabbit.listener.AbstractMessageListenerContainer.attemptDeclarations(AbstractMessageListenerContainer.java:1959)\r\n\tat org.springframework.amqp.rabbit.listener.AbstractMessageListenerContainer.redeclareElementsIfNecessary(AbstractMessageListenerContainer.java:1923)\r\n\tat org.springframework.amqp.rabbit.listener.SimpleMessageListenerContainer$AsyncMessageProcessingConsumer.initialize(SimpleMessageListenerContainer.java:1523)\r\n\tat org.springframework.amqp.rabbit.listener.SimpleMessageListenerContainer$AsyncMessageProcessingConsumer.run(SimpleMessageListenerContainer.java:1356)\r\n\tat java.base/java.lang.Thread.run(Thread.java:1575)\r\nCaused by: java.net.ConnectException: Connection refused: getsockopt\r\n\tat java.base/sun.nio.ch.Net.pollConnect(Native Method)\r\n\tat java.base/sun.nio.ch.Net.pollConnectNow(Net.java:682)\r\n\tat java.base/sun.nio.ch.NioSocketImpl.timedFinishConnect(NioSocketImpl.java:542)\r\n\tat java.base/sun.nio.ch.NioSocketImpl.connect(NioSocketImpl.java:592)\r\n\tat java.base/java.net.SocksSocketImpl.connect(SocksSocketImpl.java:327)\r\n\tat java.base/java.net.Socket.connect(Socket.java:760)\r\n\tat com.rabbitmq.client.impl.SocketFrameHandlerFactory.create(SocketFrameHandlerFactory.java:61)\r\n\tat com.rabbitmq.client.ConnectionFactory.newConnection(ConnectionFactory.java:1355)\r\n\tat com.rabbitmq.client.ConnectionFactory.newConnection(ConnectionFactory.java:1297)\r\n\tat org.springframework.amqp.rabbit.connection.AbstractConnectionFactory.connectAddresses(AbstractConnectionFactory.java:676)\r\n\tat org.springframework.amqp.rabbit.connection.AbstractConnectionFactory.connect(AbstractConnectionFactory.java:644)\r\n\tat org.springframework.amqp.rabbit.connection.AbstractConnectionFactory.createBareConnection(AbstractConnectionFactory.java:590)\r\n\t... 12 common frames omitted\r\n","tags":["COMMONS-LOGGING"],"service":"meu-servico"}
{"timestamp":"2026-01-30T12:39:17.232071-03:00","@version":"1","message":"Attempting to connect to: [localhost:5672]","level":"INFO","tags":["COMMONS-LOGGING"],"service":"meu-servico"}
{"timestamp":"2026-01-30T12:39:17.2564236-03:00","@version":"1","message":"Started UsersParkingApplicationTests in 9.267 seconds (process running for 11.611)","level":"INFO","tags":["COMMONS-LOGGING"],"service":"meu-servico"}
]]></system-out>
    <system-err><![CDATA[Mockito is currently self-attaching to enable the inline-mock-maker. This will no longer work in future releases of the JDK. Please add Mockito as an agent to your build as described in Mockito's documentation: https://javadoc.io/doc/org.mockito/mockito-core/latest/org.mockito/org/mockito/Mockito.html#0.3
WARNING: A Java agent has been loaded dynamically (C:\Users\Joao Gabriel\.m2\repository\net\bytebuddy\byte-buddy-agent\1.17.8\byte-buddy-agent-1.17.8.jar)
WARNING: If a serviceability tool is in use, please run with -XX:+EnableDynamicAgentLoading to hide this warning
WARNING: If a serviceability tool is not in use, please run with -Djdk.instrument.traceUsage for more information
WARNING: Dynamic loading of agents will be disallowed by default in a future release
]]></system-err>
  </testcase>
</testsuite>